<?xml version="1.0" encoding="UTF-8"?>
<!-- Generated by org.testng.reporters.JUnitXMLReporter -->
<testsuite ignored="0" hostname="Haroon" failures="0" tests="3" name="functionsOfChrome" time="26.945" errors="0" timestamp="2021-04-28T00:39:19 PDT">
  <testcase classname="AmazonRgressionSteps.FabookSignThroughPropertiesFile" name="Adhock" time="0.008"/>
  <testcase classname="AmazonRgressionSteps.FabookSignThroughPropertiesFile" name="Regression" time="0.003"/>
  <testcase classname="AmazonRgressionSteps.FabookSignThroughPropertiesFile" name="f" time="14.979"/>
</testsuite> <!-- functionsOfChrome -->
